2026.02.19 16:36:40 INFO  Started: Metals version 1.6.5 in folders '/home/tezball/projects/scala-demo' for client Visual Studio Code 1.108.2.
2026.02.19 16:36:40 INFO  Memory monitor started
2026.02.19 16:36:40 WARN  Using H2 2.4.240 which is newer than the version Flyway has been verified with. The latest verified version of H2 is 2.3.232.
2026.02.19 16:36:40 INFO  no build target found for /home/tezball/projects/scala-demo/app/controllers/HomeController.scala. Using presentation compiler with project's scala-library version: 3.3.7
Feb 19, 2026 4:36:42 PM org.eclipse.lsp4j.jsonrpc.RemoteEndpoint handleCancellation
WARNING: Unmatched cancel notification for request id 2
Feb 19, 2026 4:36:42 PM org.eclipse.lsp4j.jsonrpc.RemoteEndpoint handleCancellation
WARNING: Unmatched cancel notification for request id 1
2026.02.19 16:36:42 INFO  no build target found for /home/tezball/projects/scala-demo/app/controllers/HomeController.scala. Using presentation compiler with project's scala-library version: 3.3.7
2026.02.19 16:36:42 INFO  no build target found for /home/tezball/projects/scala-demo/app/controllers/UserController.scala. Using presentation compiler with project's scala-library version: 3.3.7
2026.02.19 16:36:42 INFO  no build target found for /home/tezball/projects/scala-demo/app/controllers/UserController.scala. Using presentation compiler with project's scala-library version: 3.3.7
Feb 19, 2026 4:36:42 PM org.eclipse.lsp4j.jsonrpc.RemoteEndpoint handleCancellation
WARNING: Unmatched cancel notification for request id 4
2026.02.19 16:36:42 INFO  no build target found for /home/tezball/projects/scala-demo/app/controllers/UserController.scala. Using presentation compiler with project's scala-library version: 3.3.7
2026.02.19 16:36:43 INFO  no build target found for /home/tezball/projects/scala-demo/app/controllers/UserController.scala. Using presentation compiler with project's scala-library version: 3.3.7
2026.02.19 16:36:46 INFO  no build target found for /home/tezball/projects/scala-demo/app/controllers/UserController.scala. Using presentation compiler with project's scala-library version: 3.3.7
2026.02.19 16:36:48 INFO  no build target found for /home/tezball/projects/scala-demo/app/controllers/UserController.scala. Using presentation compiler with project's scala-library version: 3.3.7
2026.02.19 16:36:53 INFO  no build target found for /home/tezball/projects/scala-demo/app/controllers/UserController.scala. Using presentation compiler with project's scala-library version: 3.3.7
2026.02.19 16:37:00 INFO  no build target found for /home/tezball/projects/scala-demo/app/controllers/UserController.scala. Using presentation compiler with project's scala-library version: 3.3.7
2026.02.19 16:37:00 INFO  no build target found for /home/tezball/projects/scala-demo/app/controllers/UserController.scala. Using presentation compiler with project's scala-library version: 3.3.7
2026.02.19 16:37:00 INFO  no build target found for /home/tezball/projects/scala-demo/app/controllers/UserController.scala. Using presentation compiler with project's scala-library version: 3.3.7
2026.02.19 16:37:01 INFO  no build target found for /home/tezball/projects/scala-demo/app/controllers/UserController.scala. Using presentation compiler with project's scala-library version: 3.3.7
2026.02.19 16:37:07 INFO  no build target found for /home/tezball/projects/scala-demo/app/controllers/UserController.scala. Using presentation compiler with project's scala-library version: 3.3.7
2026.02.19 16:37:08 INFO  no build target found for /home/tezball/projects/scala-demo/app/controllers/UserController.scala. Using presentation compiler with project's scala-library version: 3.3.7
2026.02.19 16:37:08 INFO  no build target found for /home/tezball/projects/scala-demo/app/controllers/UserController.scala. Using presentation compiler with project's scala-library version: 3.3.7
2026.02.19 16:37:12 INFO  no build target found for /home/tezball/projects/scala-demo/app/controllers/UserController.scala. Using presentation compiler with project's scala-library version: 3.3.7
2026.02.19 16:37:26 INFO  no build target found for /home/tezball/projects/scala-demo/app/controllers/UserController.scala. Using presentation compiler with project's scala-library version: 3.3.7
2026.02.19 16:37:39 INFO  no build target found for /home/tezball/projects/scala-demo/app/controllers/UserController.scala. Using presentation compiler with project's scala-library version: 3.3.7
2026.02.19 16:37:39 INFO  no build target found for /home/tezball/projects/scala-demo/app/controllers/UserController.scala. Using presentation compiler with project's scala-library version: 3.3.7
2026.02.19 16:37:46 INFO  no build target found for /home/tezball/projects/scala-demo/app/controllers/UserController.scala. Using presentation compiler with project's scala-library version: 3.3.7
2026.02.19 16:38:00 INFO  no build target found for /home/tezball/projects/scala-demo/project/plugins.sbt. Using presentation compiler with project's scala-library version: 3.3.7
2026.02.19 16:38:00 INFO  no build target found for /home/tezball/projects/scala-demo/project/plugins.sbt. Using presentation compiler with project's scala-library version: 3.3.7
2026.02.19 16:38:00 WARN  Could not find semantic tokens for: file:///home/tezball/projects/scala-demo/project/plugins.sbt
2026.02.19 16:38:05 INFO  no build target found for /home/tezball/projects/scala-demo/project/plugins.sbt. Using presentation compiler with project's scala-library version: 3.3.7
2026.02.19 16:38:05 INFO  no build target found for /home/tezball/projects/scala-demo/build.sbt. Using presentation compiler with project's scala-library version: 3.3.7
2026.02.19 16:38:05 INFO  no build target found for /home/tezball/projects/scala-demo/build.sbt. Using presentation compiler with project's scala-library version: 3.3.7
2026.02.19 16:38:18 INFO  no build target found for /home/tezball/projects/scala-demo/build.sbt. Using presentation compiler with project's scala-library version: 3.3.7
2026.02.19 17:45:26 INFO  no build target found for /home/tezball/projects/scala-demo/build.sbt. Using presentation compiler with project's scala-library version: 3.3.7
2026.02.19 17:45:26 WARN  no build target for: /home/tezball/projects/scala-demo/build.sbt
2026.02.19 18:47:59 INFO  no build target found for /home/tezball/projects/scala-demo/app/controllers/UserController.scala. Using presentation compiler with project's scala-library version: 3.3.7
2026.02.19 18:47:59 INFO  no build target found for /home/tezball/projects/scala-demo/app/controllers/UserController.scala. Using presentation compiler with project's scala-library version: 3.3.7
2026.02.19 18:48:12 INFO  no build target found for /home/tezball/projects/scala-demo/app/controllers/UserController.scala. Using presentation compiler with project's scala-library version: 3.3.7
2026.02.19 18:48:17 INFO  no build target found for /home/tezball/projects/scala-demo/app/controllers/UserController.scala. Using presentation compiler with project's scala-library version: 3.3.7
2026.02.19 18:48:17 INFO  no build target found for /home/tezball/projects/scala-demo/app/controllers/UserController.scala. Using presentation compiler with project's scala-library version: 3.3.7
2026.02.19 18:48:17 INFO  no build target found for /home/tezball/projects/scala-demo/app/controllers/UserController.scala. Using presentation compiler with project's scala-library version: 3.3.7
2026.02.19 18:48:19 INFO  no build target found for /home/tezball/projects/scala-demo/app/controllers/UserController.scala. Using presentation compiler with project's scala-library version: 3.3.7
2026.02.19 18:48:19 INFO  no build target found for /home/tezball/projects/scala-demo/app/controllers/UserController.scala. Using presentation compiler with project's scala-library version: 3.3.7
2026.02.19 18:48:23 INFO  no build target found for /home/tezball/projects/scala-demo/app/controllers/UserController.scala. Using presentation compiler with project's scala-library version: 3.3.7
2026.02.19 18:48:23 INFO  no build target found for /home/tezball/projects/scala-demo/app/controllers/UserController.scala. Using presentation compiler with project's scala-library version: 3.3.7
2026.02.19 18:48:25 INFO  no build target found for /home/tezball/projects/scala-demo/app/controllers/UserController.scala. Using presentation compiler with project's scala-library version: 3.3.7
2026.02.19 18:48:25 INFO  no build target found for /home/tezball/projects/scala-demo/app/controllers/UserController.scala. Using presentation compiler with project's scala-library version: 3.3.7
2026.02.19 18:48:25 INFO  no build target found for /home/tezball/projects/scala-demo/app/controllers/UserController.scala. Using presentation compiler with project's scala-library version: 3.3.7
2026.02.19 18:48:25 INFO  no build target found for /home/tezball/projects/scala-demo/app/controllers/UserController.scala. Using presentation compiler with project's scala-library version: 3.3.7
2026.02.19 18:48:27 INFO  no build target found for /home/tezball/projects/scala-demo/app/controllers/UserController.scala. Using presentation compiler with project's scala-library version: 3.3.7
2026.02.19 18:48:36 INFO  no build target found for /home/tezball/projects/scala-demo/app/controllers/UserController.scala. Using presentation compiler with project's scala-library version: 3.3.7
2026.02.19 18:48:38 INFO  no build target found for /home/tezball/projects/scala-demo/app/controllers/UserController.scala. Using presentation compiler with project's scala-library version: 3.3.7
2026.02.19 18:48:42 INFO  no build target found for /home/tezball/projects/scala-demo/app/controllers/UserController.scala. Using presentation compiler with project's scala-library version: 3.3.7
2026.02.19 18:48:53 INFO  no build target found for /home/tezball/projects/scala-demo/app/controllers/UserController.scala. Using presentation compiler with project's scala-library version: 3.3.7
2026.02.19 18:50:14 INFO  no build target found for /home/tezball/projects/scala-demo/app/controllers/UserController.scala. Using presentation compiler with project's scala-library version: 3.3.7
2026.02.19 18:50:14 INFO  no build target found for /home/tezball/projects/scala-demo/app/controllers/UserController.scala. Using presentation compiler with project's scala-library version: 3.3.7
2026.02.19 18:50:17 INFO  no build target found for /home/tezball/projects/scala-demo/app/controllers/UserController.scala. Using presentation compiler with project's scala-library version: 3.3.7
2026.02.19 18:50:21 INFO  no build target found for /home/tezball/projects/scala-demo/app/controllers/UserController.scala. Using presentation compiler with project's scala-library version: 3.3.7
2026.02.19 18:50:30 INFO  no build target found for /home/tezball/projects/scala-demo/app/controllers/UserController.scala. Using presentation compiler with project's scala-library version: 3.3.7
2026.02.19 18:50:32 INFO  no build target found for /home/tezball/projects/scala-demo/app/controllers/UserController.scala. Using presentation compiler with project's scala-library version: 3.3.7
2026.02.19 18:50:33 INFO  no build target found for /home/tezball/projects/scala-demo/app/controllers/UserController.scala. Using presentation compiler with project's scala-library version: 3.3.7
2026.02.19 18:50:33 INFO  no build target found for /home/tezball/projects/scala-demo/app/controllers/UserController.scala. Using presentation compiler with project's scala-library version: 3.3.7
2026.02.19 18:50:34 INFO  no build target found for /home/tezball/projects/scala-demo/app/controllers/UserController.scala. Using presentation compiler with project's scala-library version: 3.3.7
2026.02.19 18:53:43 INFO  no build target found for /home/tezball/projects/scala-demo/app/controllers/UserController.scala. Using presentation compiler with project's scala-library version: 3.3.7
2026.02.19 18:53:43 INFO  no build target found for /home/tezball/projects/scala-demo/app/controllers/UserController.scala. Using presentation compiler with project's scala-library version: 3.3.7
2026.02.19 18:53:45 INFO  no build target found for /home/tezball/projects/scala-demo/app/controllers/UserController.scala. Using presentation compiler with project's scala-library version: 3.3.7
2026.02.19 18:53:47 INFO  no build target found for /home/tezball/projects/scala-demo/app/controllers/UserController.scala. Using presentation compiler with project's scala-library version: 3.3.7
2026.02.19 18:53:49 INFO  no build target found for /home/tezball/projects/scala-demo/app/controllers/UserController.scala. Using presentation compiler with project's scala-library version: 3.3.7
2026.02.19 18:54:07 INFO  no build target found for /home/tezball/projects/scala-demo/app/controllers/UserController.scala. Using presentation compiler with project's scala-library version: 3.3.7
2026.02.19 18:54:08 INFO  no build target found for /home/tezball/projects/scala-demo/app/controllers/UserController.scala. Using presentation compiler with project's scala-library version: 3.3.7
2026.02.19 18:54:10 INFO  no build target found for /home/tezball/projects/scala-demo/app/controllers/UserController.scala. Using presentation compiler with project's scala-library version: 3.3.7
2026.02.19 18:54:10 INFO  no build target found for /home/tezball/projects/scala-demo/app/controllers/UserController.scala. Using presentation compiler with project's scala-library version: 3.3.7
2026.02.19 18:54:10 INFO  no build target found for /home/tezball/projects/scala-demo/app/controllers/UserController.scala. Using presentation compiler with project's scala-library version: 3.3.7
2026.02.19 18:54:24 INFO  no build target found for /home/tezball/projects/scala-demo/app/controllers/UserController.scala. Using presentation compiler with project's scala-library version: 3.3.7
2026.02.19 18:54:24 INFO  no build target found for /home/tezball/projects/scala-demo/app/controllers/UserController.scala. Using presentation compiler with project's scala-library version: 3.3.7
2026.02.19 18:54:24 INFO  no build target found for /home/tezball/projects/scala-demo/app/controllers/UserController.scala. Using presentation compiler with project's scala-library version: 3.3.7
2026.02.19 18:54:25 INFO  no build target found for /home/tezball/projects/scala-demo/app/controllers/UserController.scala. Using presentation compiler with project's scala-library version: 3.3.7
2026.02.19 18:54:25 INFO  no build target found for /home/tezball/projects/scala-demo/app/controllers/UserController.scala. Using presentation compiler with project's scala-library version: 3.3.7
2026.02.19 18:54:25 INFO  no build target found for /home/tezball/projects/scala-demo/app/controllers/UserController.scala. Using presentation compiler with project's scala-library version: 3.3.7
2026.02.19 18:54:26 INFO  Created report: Optional[file:///home/tezball/projects/scala-demo/app/controllers/UserController.scala]
2026.02.19 18:54:26 INFO  empty definition using pc, found symbol in pc:  (full report at: "/home/tezball/projects/scala-demo/.metals/.reports/metals-full/2026-02-19/r_empty-definition_18-54-26-283.md")
2026.02.19 18:54:25 INFO  no build target found for /home/tezball/projects/scala-demo/app/controllers/UserController.scala. Using presentation compiler with project's scala-library version: 3.3.7
2026.02.19 18:54:26 INFO  no build target found for /home/tezball/projects/scala-demo/app/controllers/UserController.scala. Using presentation compiler with project's scala-library version: 3.3.7
2026.02.19 18:54:26 INFO  empty definition using pc, found symbol in pc:  (full report at: "/home/tezball/projects/scala-demo/.metals/.reports/metals-full/2026-02-19/r_empty-definition_18-54-26-283.md")
2026.02.19 18:54:27 INFO  no build target found for /home/tezball/projects/scala-demo/app/controllers/UserController.scala. Using presentation compiler with project's scala-library version: 3.3.7
2026.02.19 18:54:27 INFO  no build target found for /home/tezball/projects/scala-demo/app/controllers/UserController.scala. Using presentation compiler with project's scala-library version: 3.3.7
2026.02.19 18:54:27 INFO  no build target found for /home/tezball/projects/scala-demo/app/controllers/UserController.scala. Using presentation compiler with project's scala-library version: 3.3.7
2026.02.19 18:54:29 INFO  no build target found for /home/tezball/projects/scala-demo/app/controllers/UserController.scala. Using presentation compiler with project's scala-library version: 3.3.7
2026.02.19 18:54:29 INFO  no build target found for /home/tezball/projects/scala-demo/app/controllers/UserController.scala. Using presentation compiler with project's scala-library version: 3.3.7
2026.02.19 18:54:31 INFO  no build target found for /home/tezball/projects/scala-demo/app/controllers/UserController.scala. Using presentation compiler with project's scala-library version: 3.3.7
2026.02.19 18:54:32 INFO  no build target found for /home/tezball/projects/scala-demo/app/controllers/UserController.scala. Using presentation compiler with project's scala-library version: 3.3.7
2026.02.19 18:55:47 INFO  no build target found for /home/tezball/projects/scala-demo/app/controllers/UserController.scala. Using presentation compiler with project's scala-library version: 3.3.7
2026.02.19 18:55:47 INFO  no build target found for /home/tezball/projects/scala-demo/app/controllers/UserController.scala. Using presentation compiler with project's scala-library version: 3.3.7
2026.02.19 18:55:48 INFO  no build target found for /home/tezball/projects/scala-demo/app/controllers/UserController.scala. Using presentation compiler with project's scala-library version: 3.3.7
2026.02.19 18:55:48 INFO  no build target found for /home/tezball/projects/scala-demo/app/controllers/UserController.scala. Using presentation compiler with project's scala-library version: 3.3.7
2026.02.19 18:55:55 INFO  no build target found for /home/tezball/projects/scala-demo/app/controllers/UserController.scala. Using presentation compiler with project's scala-library version: 3.3.7
2026.02.19 19:01:46 INFO  no build target found for /home/tezball/projects/scala-demo/app/controllers/UserController.scala. Using presentation compiler with project's scala-library version: 3.3.7
2026.02.19 19:01:46 INFO  no build target found for /home/tezball/projects/scala-demo/app/controllers/UserController.scala. Using presentation compiler with project's scala-library version: 3.3.7
2026.02.19 19:01:46 INFO  no build target found for /home/tezball/projects/scala-demo/app/controllers/UserController.scala. Using presentation compiler with project's scala-library version: 3.3.7
2026.02.19 19:01:55 INFO  no build target found for /home/tezball/projects/scala-demo/app/controllers/UserController.scala. Using presentation compiler with project's scala-library version: 3.3.7
2026.02.19 19:01:55 INFO  no build target found for /home/tezball/projects/scala-demo/app/controllers/UserController.scala. Using presentation compiler with project's scala-library version: 3.3.7
2026.02.19 19:01:55 INFO  no build target found for /home/tezball/projects/scala-demo/app/controllers/UserController.scala. Using presentation compiler with project's scala-library version: 3.3.7
2026.02.19 19:02:01 INFO  no build target found for /home/tezball/projects/scala-demo/app/controllers/UserController.scala. Using presentation compiler with project's scala-library version: 3.3.7
2026.02.19 19:02:01 INFO  no build target found for /home/tezball/projects/scala-demo/app/controllers/UserController.scala. Using presentation compiler with project's scala-library version: 3.3.7
2026.02.19 19:02:01 INFO  no build target found for /home/tezball/projects/scala-demo/app/controllers/UserController.scala. Using presentation compiler with project's scala-library version: 3.3.7
2026.02.19 19:02:02 INFO  no build target found for /home/tezball/projects/scala-demo/app/controllers/UserController.scala. Using presentation compiler with project's scala-library version: 3.3.7
2026.02.19 19:02:04 INFO  no build target found for /home/tezball/projects/scala-demo/app/controllers/UserController.scala. Using presentation compiler with project's scala-library version: 3.3.7
2026.02.19 19:02:04 INFO  empty definition using pc, found symbol in pc:  (full report at: "/home/tezball/projects/scala-demo/.metals/.reports/metals-full/2026-02-19/r_empty-definition_18-54-26-283.md")
2026.02.19 19:02:16 INFO  no build target found for /home/tezball/projects/scala-demo/app/controllers/UserController.scala. Using presentation compiler with project's scala-library version: 3.3.7
2026.02.19 19:02:24 INFO  no build target found for /home/tezball/projects/scala-demo/app/controllers/UserController.scala. Using presentation compiler with project's scala-library version: 3.3.7
2026.02.19 19:02:24 INFO  no build target found for /home/tezball/projects/scala-demo/app/controllers/UserController.scala. Using presentation compiler with project's scala-library version: 3.3.7
2026.02.19 19:02:26 INFO  no build target found for /home/tezball/projects/scala-demo/app/controllers/UserController.scala. Using presentation compiler with project's scala-library version: 3.3.7
2026.02.19 19:02:34 INFO  no build target found for /home/tezball/projects/scala-demo/app/controllers/UserController.scala. Using presentation compiler with project's scala-library version: 3.3.7
2026.02.19 19:07:28 INFO  no build target found for /home/tezball/projects/scala-demo/app/controllers/UserController.scala. Using presentation compiler with project's scala-library version: 3.3.7
2026.02.19 19:07:28 INFO  no build target found for /home/tezball/projects/scala-demo/app/controllers/UserController.scala. Using presentation compiler with project's scala-library version: 3.3.7
2026.02.19 19:07:32 INFO  no build target found for /home/tezball/projects/scala-demo/app/controllers/UserController.scala. Using presentation compiler with project's scala-library version: 3.3.7
2026.02.19 19:07:32 INFO  no build target found for /home/tezball/projects/scala-demo/app/controllers/UserController.scala. Using presentation compiler with project's scala-library version: 3.3.7
2026.02.19 19:07:36 INFO  no build target found for /home/tezball/projects/scala-demo/app/controllers/UserController.scala. Using presentation compiler with project's scala-library version: 3.3.7
2026.02.19 19:07:37 INFO  no build target found for /home/tezball/projects/scala-demo/app/controllers/UserController.scala. Using presentation compiler with project's scala-library version: 3.3.7
2026.02.19 19:07:41 INFO  no build target found for /home/tezball/projects/scala-demo/app/controllers/UserController.scala. Using presentation compiler with project's scala-library version: 3.3.7
2026.02.19 19:07:42 INFO  no build target found for /home/tezball/projects/scala-demo/app/controllers/UserController.scala. Using presentation compiler with project's scala-library version: 3.3.7
2026.02.19 19:09:25 INFO  no build target found for /home/tezball/projects/scala-demo/app/controllers/UserController.scala. Using presentation compiler with project's scala-library version: 3.3.7
2026.02.19 19:09:32 INFO  no build target found for /home/tezball/projects/scala-demo/app/controllers/UserController.scala. Using presentation compiler with project's scala-library version: 3.3.7
2026.02.19 19:09:32 INFO  no build target found for /home/tezball/projects/scala-demo/app/services/KafkaProducerService.scala. Using presentation compiler with project's scala-library version: 3.3.7
2026.02.19 19:09:32 INFO  no build target found for /home/tezball/projects/scala-demo/app/services/KafkaProducerService.scala. Using presentation compiler with project's scala-library version: 3.3.7
2026.02.19 19:10:26 INFO  no build target found for /home/tezball/projects/scala-demo/app/services/KafkaProducerService.scala. Using presentation compiler with project's scala-library version: 3.3.7
2026.02.19 19:10:34 INFO  no build target found for /home/tezball/projects/scala-demo/app/services/KafkaProducerService.scala. Using presentation compiler with project's scala-library version: 3.3.7
2026.02.19 19:10:44 INFO  no build target found for /home/tezball/projects/scala-demo/app/services/KafkaProducerService.scala. Using presentation compiler with project's scala-library version: 3.3.7
2026.02.19 19:10:44 INFO  no build target found for /home/tezball/projects/scala-demo/app/services/KafkaProducerService.scala. Using presentation compiler with project's scala-library version: 3.3.7
2026.02.19 19:10:46 INFO  no build target found for /home/tezball/projects/scala-demo/app/services/KafkaProducerService.scala. Using presentation compiler with project's scala-library version: 3.3.7
2026.02.19 19:10:47 INFO  no build target found for /home/tezball/projects/scala-demo/app/services/KafkaProducerService.scala. Using presentation compiler with project's scala-library version: 3.3.7
2026.02.19 19:10:49 INFO  no build target found for /home/tezball/projects/scala-demo/app/services/KafkaProducerService.scala. Using presentation compiler with project's scala-library version: 3.3.7
2026.02.19 19:10:55 INFO  no build target found for /home/tezball/projects/scala-demo/app/services/KafkaProducerService.scala. Using presentation compiler with project's scala-library version: 3.3.7
2026.02.19 19:10:58 INFO  no build target found for /home/tezball/projects/scala-demo/app/services/KafkaProducerService.scala. Using presentation compiler with project's scala-library version: 3.3.7
2026.02.19 19:10:58 INFO  no build target found for /home/tezball/projects/scala-demo/app/services/KafkaConsumerService.scala. Using presentation compiler with project's scala-library version: 3.3.7
2026.02.19 19:10:58 INFO  no build target found for /home/tezball/projects/scala-demo/app/services/KafkaConsumerService.scala. Using presentation compiler with project's scala-library version: 3.3.7
2026.02.19 19:11:06 INFO  no build target found for /home/tezball/projects/scala-demo/app/services/KafkaConsumerService.scala. Using presentation compiler with project's scala-library version: 3.3.7
2026.02.19 19:11:09 INFO  no build target found for /home/tezball/projects/scala-demo/app/services/KafkaConsumerService.scala. Using presentation compiler with project's scala-library version: 3.3.7
2026.02.19 19:11:10 INFO  no build target found for /home/tezball/projects/scala-demo/app/services/KafkaConsumerService.scala. Using presentation compiler with project's scala-library version: 3.3.7
Feb 19, 2026 7:11:11 PM org.eclipse.lsp4j.jsonrpc.RemoteEndpoint handleCancellation
WARNING: Unmatched cancel notification for request id 239
2026.02.19 19:11:13 INFO  no build target found for /home/tezball/projects/scala-demo/app/services/KafkaConsumerService.scala. Using presentation compiler with project's scala-library version: 3.3.7
2026.02.19 19:11:13 INFO  no build target found for /home/tezball/projects/scala-demo/app/services/KafkaConsumerService.scala. Using presentation compiler with project's scala-library version: 3.3.7
2026.02.19 19:11:16 INFO  no build target found for /home/tezball/projects/scala-demo/app/services/KafkaConsumerService.scala. Using presentation compiler with project's scala-library version: 3.3.7
2026.02.19 19:11:22 INFO  no build target found for /home/tezball/projects/scala-demo/app/services/KafkaConsumerService.scala. Using presentation compiler with project's scala-library version: 3.3.7
2026.02.19 19:11:25 INFO  no build target found for /home/tezball/projects/scala-demo/app/services/KafkaConsumerService.scala. Using presentation compiler with project's scala-library version: 3.3.7
2026.02.19 19:11:25 INFO  no build target found for /home/tezball/projects/scala-demo/app/services/KafkaConsumerService.scala. Using presentation compiler with project's scala-library version: 3.3.7
2026.02.19 19:11:27 INFO  no build target found for /home/tezball/projects/scala-demo/app/services/KafkaConsumerService.scala. Using presentation compiler with project's scala-library version: 3.3.7
2026.02.19 19:11:30 INFO  no build target found for /home/tezball/projects/scala-demo/app/services/KafkaConsumerService.scala. Using presentation compiler with project's scala-library version: 3.3.7
2026.02.19 19:11:30 INFO  no build target found for /home/tezball/projects/scala-demo/app/services/KafkaConsumerService.scala. Using presentation compiler with project's scala-library version: 3.3.7
2026.02.19 19:11:36 INFO  no build target found for /home/tezball/projects/scala-demo/app/services/KafkaConsumerService.scala. Using presentation compiler with project's scala-library version: 3.3.7
2026.02.19 19:11:45 INFO  no build target found for /home/tezball/projects/scala-demo/app/services/KafkaConsumerService.scala. Using presentation compiler with project's scala-library version: 3.3.7
2026.02.19 19:11:45 INFO  no build target found for /home/tezball/projects/scala-demo/app/services/KafkaConsumerService.scala. Using presentation compiler with project's scala-library version: 3.3.7
2026.02.19 19:11:47 INFO  no build target found for /home/tezball/projects/scala-demo/app/services/KafkaConsumerService.scala. Using presentation compiler with project's scala-library version: 3.3.7
2026.02.19 19:11:48 INFO  no build target found for /home/tezball/projects/scala-demo/app/services/KafkaConsumerService.scala. Using presentation compiler with project's scala-library version: 3.3.7
2026.02.19 19:11:49 INFO  no build target found for /home/tezball/projects/scala-demo/app/services/KafkaConsumerService.scala. Using presentation compiler with project's scala-library version: 3.3.7
2026.02.19 19:11:51 INFO  no build target found for /home/tezball/projects/scala-demo/app/services/KafkaConsumerService.scala. Using presentation compiler with project's scala-library version: 3.3.7
2026.02.19 19:11:51 INFO  no build target found for /home/tezball/projects/scala-demo/app/services/KafkaConsumerService.scala. Using presentation compiler with project's scala-library version: 3.3.7
2026.02.19 19:11:53 INFO  no build target found for /home/tezball/projects/scala-demo/app/services/KafkaConsumerService.scala. Using presentation compiler with project's scala-library version: 3.3.7
2026.02.19 19:11:56 INFO  no build target found for /home/tezball/projects/scala-demo/app/services/KafkaConsumerService.scala. Using presentation compiler with project's scala-library version: 3.3.7
2026.02.19 19:11:56 INFO  no build target found for /home/tezball/projects/scala-demo/app/services/KafkaConsumerService.scala. Using presentation compiler with project's scala-library version: 3.3.7
2026.02.19 19:11:59 INFO  no build target found for /home/tezball/projects/scala-demo/app/services/KafkaConsumerService.scala. Using presentation compiler with project's scala-library version: 3.3.7
2026.02.19 19:11:59 INFO  no build target found for /home/tezball/projects/scala-demo/app/services/KafkaConsumerService.scala. Using presentation compiler with project's scala-library version: 3.3.7
2026.02.19 19:12:09 INFO  no build target found for /home/tezball/projects/scala-demo/app/services/KafkaConsumerService.scala. Using presentation compiler with project's scala-library version: 3.3.7
2026.02.19 19:12:09 INFO  no build target found for /home/tezball/projects/scala-demo/app/services/KafkaConsumerService.scala. Using presentation compiler with project's scala-library version: 3.3.7
2026.02.19 19:12:09 INFO  no build target found for /home/tezball/projects/scala-demo/app/services/KafkaConsumerService.scala. Using presentation compiler with project's scala-library version: 3.3.7
2026.02.19 19:12:12 INFO  no build target found for /home/tezball/projects/scala-demo/app/services/KafkaConsumerService.scala. Using presentation compiler with project's scala-library version: 3.3.7
2026.02.19 19:12:14 INFO  no build target found for /home/tezball/projects/scala-demo/app/services/KafkaConsumerService.scala. Using presentation compiler with project's scala-library version: 3.3.7
2026.02.19 19:12:16 INFO  no build target found for /home/tezball/projects/scala-demo/app/services/KafkaConsumerService.scala. Using presentation compiler with project's scala-library version: 3.3.7
2026.02.19 19:12:25 INFO  no build target found for /home/tezball/projects/scala-demo/app/services/KafkaConsumerService.scala. Using presentation compiler with project's scala-library version: 3.3.7
2026.02.19 19:12:32 INFO  no build target found for /home/tezball/projects/scala-demo/app/services/KafkaConsumerService.scala. Using presentation compiler with project's scala-library version: 3.3.7
2026.02.19 19:12:32 INFO  no build target found for /home/tezball/projects/scala-demo/app/services/KafkaConsumerService.scala. Using presentation compiler with project's scala-library version: 3.3.7
2026.02.19 19:12:36 INFO  no build target found for /home/tezball/projects/scala-demo/app/services/KafkaConsumerService.scala. Using presentation compiler with project's scala-library version: 3.3.7
2026.02.19 19:12:36 INFO  no build target found for /home/tezball/projects/scala-demo/app/services/KafkaConsumerService.scala. Using presentation compiler with project's scala-library version: 3.3.7
2026.02.19 19:12:37 INFO  no build target found for /home/tezball/projects/scala-demo/app/services/KafkaConsumerService.scala. Using presentation compiler with project's scala-library version: 3.3.7
2026.02.19 19:12:37 INFO  no build target found for /home/tezball/projects/scala-demo/app/services/KafkaConsumerService.scala. Using presentation compiler with project's scala-library version: 3.3.7
2026.02.19 19:12:37 INFO  no build target found for /home/tezball/projects/scala-demo/app/services/KafkaConsumerService.scala. Using presentation compiler with project's scala-library version: 3.3.7
2026.02.19 19:12:39 INFO  no build target found for /home/tezball/projects/scala-demo/app/services/KafkaConsumerService.scala. Using presentation compiler with project's scala-library version: 3.3.7
2026.02.19 19:12:39 INFO  no build target found for /home/tezball/projects/scala-demo/app/services/KafkaConsumerService.scala. Using presentation compiler with project's scala-library version: 3.3.7
2026.02.19 19:12:40 INFO  no build target found for /home/tezball/projects/scala-demo/app/services/KafkaConsumerService.scala. Using presentation compiler with project's scala-library version: 3.3.7
2026.02.19 19:14:26 INFO  no build target found for /home/tezball/projects/scala-demo/app/services/KafkaConsumerService.scala. Using presentation compiler with project's scala-library version: 3.3.7
2026.02.19 19:14:26 INFO  no build target found for /home/tezball/projects/scala-demo/app/services/KafkaConsumerService.scala. Using presentation compiler with project's scala-library version: 3.3.7
2026.02.19 19:14:29 INFO  no build target found for /home/tezball/projects/scala-demo/app/services/KafkaConsumerService.scala. Using presentation compiler with project's scala-library version: 3.3.7
2026.02.19 19:14:47 INFO  no build target found for /home/tezball/projects/scala-demo/app/services/KafkaConsumerService.scala. Using presentation compiler with project's scala-library version: 3.3.7
2026.02.19 19:14:50 INFO  no build target found for /home/tezball/projects/scala-demo/app/services/KafkaConsumerService.scala. Using presentation compiler with project's scala-library version: 3.3.7
2026.02.19 19:14:53 INFO  no build target found for /home/tezball/projects/scala-demo/app/services/KafkaConsumerService.scala. Using presentation compiler with project's scala-library version: 3.3.7
2026.02.19 19:15:07 INFO  no build target found for /home/tezball/projects/scala-demo/app/services/KafkaConsumerService.scala. Using presentation compiler with project's scala-library version: 3.3.7
2026.02.19 19:15:07 INFO  no build target found for /home/tezball/projects/scala-demo/app/events/UserCreatedEvent.scala. Using presentation compiler with project's scala-library version: 3.3.7
2026.02.19 19:15:08 INFO  no build target found for /home/tezball/projects/scala-demo/app/events/UserCreatedEvent.scala. Using presentation compiler with project's scala-library version: 3.3.7
2026.02.19 22:21:30 INFO  no build target found for /home/tezball/projects/scala-demo/app/events/UserCreatedEvent.scala. Using presentation compiler with project's scala-library version: 3.3.7
2026.02.19 22:22:48 INFO  no build target found for /home/tezball/projects/scala-demo/app/orders/Order.scala. Using presentation compiler with project's scala-library version: 3.3.7
2026.02.19 22:22:48 INFO  no build target found for /home/tezball/projects/scala-demo/app/orders/Order.scala. Using presentation compiler with project's scala-library version: 3.3.7
2026.02.19 22:22:53 INFO  no build target found for /home/tezball/projects/scala-demo/app/orders/Order.scala. Using presentation compiler with project's scala-library version: 3.3.7
2026.02.19 22:22:53 INFO  no build target found for /home/tezball/projects/scala-demo/app/orders/OrderPlacedEvent.scala. Using presentation compiler with project's scala-library version: 3.3.7
2026.02.19 22:22:53 INFO  no build target found for /home/tezball/projects/scala-demo/app/orders/OrderPlacedEvent.scala. Using presentation compiler with project's scala-library version: 3.3.7
2026.02.19 22:22:59 INFO  no build target found for /home/tezball/projects/scala-demo/app/orders/OrderPlacedEvent.scala. Using presentation compiler with project's scala-library version: 3.3.7
